mode: set
github.com/goblimey/go-stripe-payments/code/pkg/forms/forms.go:70.81,82.2 2 0
github.com/goblimey/go-stripe-payments/code/pkg/forms/forms.go:87.43,91.2 3 0
github.com/goblimey/go-stripe-payments/code/pkg/forms/forms.go:100.37,101.9 1 0
github.com/goblimey/go-stripe-payments/code/pkg/forms/forms.go:102.33,103.11 1 0
github.com/goblimey/go-stripe-payments/code/pkg/forms/forms.go:104.29,105.11 1 0
github.com/goblimey/go-stripe-payments/code/pkg/forms/forms.go:106.28,107.11 1 0
github.com/goblimey/go-stripe-payments/code/pkg/forms/forms.go:108.34,109.11 1 0
github.com/goblimey/go-stripe-payments/code/pkg/forms/forms.go:110.32,111.11 1 0
github.com/goblimey/go-stripe-payments/code/pkg/forms/forms.go:112.31,113.11 1 0
github.com/goblimey/go-stripe-payments/code/pkg/forms/forms.go:118.2,125.34 2 0
github.com/goblimey/go-stripe-payments/code/pkg/forms/forms.go:125.34,131.3 1 0
github.com/goblimey/go-stripe-payments/code/pkg/forms/forms.go:133.2,133.14 1 0
github.com/goblimey/go-stripe-payments/code/pkg/forms/forms.go:136.46,140.16 2 0
github.com/goblimey/go-stripe-payments/code/pkg/forms/forms.go:140.16,142.3 1 0
github.com/goblimey/go-stripe-payments/code/pkg/forms/forms.go:144.2,144.37 1 0
github.com/goblimey/go-stripe-payments/code/pkg/forms/forms.go:149.58,150.31 1 0
github.com/goblimey/go-stripe-payments/code/pkg/forms/forms.go:150.31,152.3 1 0
github.com/goblimey/go-stripe-payments/code/pkg/forms/forms.go:153.2,153.52 1 0
github.com/goblimey/go-stripe-payments/code/pkg/forms/forms.go:159.64,161.16 1 0
github.com/goblimey/go-stripe-payments/code/pkg/forms/forms.go:161.16,163.3 1 0
github.com/goblimey/go-stripe-payments/code/pkg/forms/forms.go:165.2,165.28 1 0
github.com/goblimey/go-stripe-payments/code/pkg/forms/forms.go:165.28,167.3 1 0
github.com/goblimey/go-stripe-payments/code/pkg/forms/forms.go:169.2,169.49 1 0
github.com/goblimey/go-stripe-payments/code/pkg/forms/forms.go:174.50,176.28 1 0
github.com/goblimey/go-stripe-payments/code/pkg/forms/forms.go:176.28,178.3 1 0
github.com/goblimey/go-stripe-payments/code/pkg/forms/forms.go:180.2,180.49 1 0
github.com/goblimey/go-stripe-payments/code/pkg/forms/forms.go:185.57,186.30 1 0
github.com/goblimey/go-stripe-payments/code/pkg/forms/forms.go:186.30,188.3 1 0
github.com/goblimey/go-stripe-payments/code/pkg/forms/forms.go:189.2,189.51 1 0
github.com/goblimey/go-stripe-payments/code/pkg/forms/forms.go:194.58,195.31 1 0
github.com/goblimey/go-stripe-payments/code/pkg/forms/forms.go:195.31,197.3 1 0
github.com/goblimey/go-stripe-payments/code/pkg/forms/forms.go:198.2,198.52 1 0
github.com/goblimey/go-stripe-payments/code/pkg/forms/forms.go:204.49,206.27 1 0
github.com/goblimey/go-stripe-payments/code/pkg/forms/forms.go:206.27,208.3 1 0
github.com/goblimey/go-stripe-payments/code/pkg/forms/forms.go:210.2,210.48 1 0
github.com/goblimey/go-stripe-payments/code/pkg/forms/forms.go:217.55,219.21 1 0
github.com/goblimey/go-stripe-payments/code/pkg/forms/forms.go:219.21,221.3 1 0
github.com/goblimey/go-stripe-payments/code/pkg/forms/forms.go:223.2,223.27 1 0
github.com/goblimey/go-stripe-payments/code/pkg/forms/forms.go:223.27,225.3 1 0
github.com/goblimey/go-stripe-payments/code/pkg/forms/forms.go:227.2,227.54 1 0
